[17:52:14] [Server thread/INFO]: Starting minecraft server version 1.8.9
[17:52:16] [Server thread/INFO]: Loading properties
[17:52:16] [Server thread/INFO]: Default game type: SURVIVAL
[17:52:16] [Server thread/INFO]: Generating keypair
[17:52:16] [Server thread/INFO]: Starting Minecraft server on *:25565
[17:52:16] [Server thread/INFO]: Using epoll channel type
[17:52:16] [Server thread/WARN]: **** SERVER IS RUNNING IN OFFLINE/INSECURE MODE!
[17:52:16] [Server thread/WARN]: The server will make no attempt to authenticate usernames. Beware.
[17:52:16] [Server thread/WARN]: While this makes the game possible to play without internet access, it also opens up the ability for hackers to connect with any username they choose.
[17:52:16] [Server thread/WARN]: To change this, set "online-mode" to "true" in the server.properties file.
[17:52:16] [Server thread/WARN]: Failed to load user banlist: 
java.io.FileNotFoundException: banned-players.json (No such file or directory)
	at java.io.FileInputStream.open0(Native Method) ~[?:1.8.0_432]
	at java.io.FileInputStream.open(FileInputStream.java:195) ~[?:1.8.0_432]
	at java.io.FileInputStream.<init>(FileInputStream.java:138) ~[?:1.8.0_432]
	at com.google.common.io.Files.newReader(Files.java:86) ~[minecraft_server.1.8.9.jar:?]
	at net.minecraft.server.management.UserList.func_152679_g(SourceFile:124) ~[mb.class:?]
	at net.minecraft.server.dedicated.DedicatedPlayerList.func_152620_y(SourceFile:99) [kn.class:?]
	at net.minecraft.server.dedicated.DedicatedPlayerList.<init>(SourceFile:25) [kn.class:?]
	at net.minecraft.server.dedicated.DedicatedServer.func_71197_b(DedicatedServer.java:206) [ko.class:?]
	at net.minecraft.server.MinecraftServer.run(MinecraftServer.java:441) [MinecraftServer.class:?]
	at java.lang.Thread.run(Thread.java:750) [?:1.8.0_432]
[17:52:16] [Server thread/WARN]: Failed to load ip banlist: 
java.io.FileNotFoundException: banned-ips.json (No such file or directory)
	at java.io.FileInputStream.open0(Native Method) ~[?:1.8.0_432]
	at java.io.FileInputStream.open(FileInputStream.java:195) ~[?:1.8.0_432]
	at java.io.FileInputStream.<init>(FileInputStream.java:138) ~[?:1.8.0_432]
	at com.google.common.io.Files.newReader(Files.java:86) ~[minecraft_server.1.8.9.jar:?]
	at net.minecraft.server.management.UserList.func_152679_g(SourceFile:124) ~[mb.class:?]
	at net.minecraft.server.dedicated.DedicatedPlayerList.func_152619_x(SourceFile:91) [kn.class:?]
	at net.minecraft.server.dedicated.DedicatedPlayerList.<init>(SourceFile:27) [kn.class:?]
	at net.minecraft.server.dedicated.DedicatedServer.func_71197_b(DedicatedServer.java:206) [ko.class:?]
	at net.minecraft.server.MinecraftServer.run(MinecraftServer.java:441) [MinecraftServer.class:?]
	at java.lang.Thread.run(Thread.java:750) [?:1.8.0_432]
[17:52:16] [Server thread/WARN]: Failed to load operators list: 
java.io.FileNotFoundException: ops.json (No such file or directory)
	at java.io.FileInputStream.open0(Native Method) ~[?:1.8.0_432]
	at java.io.FileInputStream.open(FileInputStream.java:195) ~[?:1.8.0_432]
	at java.io.FileInputStream.<init>(FileInputStream.java:138) ~[?:1.8.0_432]
	at com.google.common.io.Files.newReader(Files.java:86) ~[minecraft_server.1.8.9.jar:?]
	at net.minecraft.server.management.UserList.func_152679_g(SourceFile:124) ~[mb.class:?]
	at net.minecraft.server.dedicated.DedicatedPlayerList.func_72417_t(SourceFile:107) [kn.class:?]
	at net.minecraft.server.dedicated.DedicatedPlayerList.<init>(SourceFile:29) [kn.class:?]
	at net.minecraft.server.dedicated.DedicatedServer.func_71197_b(DedicatedServer.java:206) [ko.class:?]
	at net.minecraft.server.MinecraftServer.run(MinecraftServer.java:441) [MinecraftServer.class:?]
	at java.lang.Thread.run(Thread.java:750) [?:1.8.0_432]
[17:52:16] [Server thread/WARN]: Failed to load white-list: 
java.io.FileNotFoundException: whitelist.json (No such file or directory)
	at java.io.FileInputStream.open0(Native Method) ~[?:1.8.0_432]
	at java.io.FileInputStream.open(FileInputStream.java:195) ~[?:1.8.0_432]
	at java.io.FileInputStream.<init>(FileInputStream.java:138) ~[?:1.8.0_432]
	at com.google.common.io.Files.newReader(Files.java:86) ~[minecraft_server.1.8.9.jar:?]
	at net.minecraft.server.management.UserList.func_152679_g(SourceFile:124) ~[mb.class:?]
	at net.minecraft.server.dedicated.DedicatedPlayerList.func_72418_v(SourceFile:123) [kn.class:?]
	at net.minecraft.server.dedicated.DedicatedPlayerList.<init>(SourceFile:30) [kn.class:?]
	at net.minecraft.server.dedicated.DedicatedServer.func_71197_b(DedicatedServer.java:206) [ko.class:?]
	at net.minecraft.server.MinecraftServer.run(MinecraftServer.java:441) [MinecraftServer.class:?]
	at java.lang.Thread.run(Thread.java:750) [?:1.8.0_432]
[17:52:16] [Server thread/INFO]: Preparing level "world"
[17:52:17] [Server thread/INFO]: Preparing start region for level 0
[17:52:18] [Server thread/INFO]: Preparing spawn area: 5%
[17:52:19] [Server thread/INFO]: Preparing spawn area: 12%
[17:52:20] [Server thread/INFO]: Preparing spawn area: 19%
[17:52:21] [Server thread/INFO]: Preparing spawn area: 28%
[17:52:22] [Server thread/INFO]: Preparing spawn area: 39%
[17:52:23] [Server thread/INFO]: Preparing spawn area: 51%
[17:52:24] [Server thread/INFO]: Preparing spawn area: 72%
[17:52:25] [Server thread/INFO]: Preparing spawn area: 89%
[17:52:25] [Server thread/INFO]: Done (9.243s)! For help, type "help" or "?"
[17:53:46] [Server thread/INFO]: ToBiik_ lost connection: TextComponent{text='Disconnected', siblings=[], style=Style{hasParent=false, color=null, bold=null, italic=null, underlined=null, obfuscated=null, clickEvent=null, hoverEvent=null, insertion=null}}
[17:53:46] [Server thread/INFO]: ToBiik_ left the game
[17:53:56] [Server thread/INFO]: Stopping the server
[17:53:56] [Server thread/INFO]: Stopping server
[17:53:56] [Server thread/INFO]: Saving players
[17:53:56] [Server thread/INFO]: Saving worlds
[17:53:56] [Server thread/INFO]: Saving chunks for level 'world'/Overworld
[17:53:56] [Server thread/INFO]: Saving chunks for level 'world'/Nether
[17:53:56] [Server thread/INFO]: Saving chunks for level 'world'/The End
